<?xml version="1.0" encoding="UTF-8"?>
<testng-results skipped="0" failed="0" ignored="0" total="1" passed="1">
  <reporter-output>
  </reporter-output>
  <suite name="yahooo app test automation suite" duration-ms="67817" started-at="2020-03-16T13:54:01Z" finished-at="2020-03-16T13:55:09Z">
    <groups>
    </groups>
    <test name="Yahoo App Test" duration-ms="67817" started-at="2020-03-16T13:54:01Z" finished-at="2020-03-16T13:55:09Z">
      <class name="com.TestNGFramework.trial.ParameterTest">
        <test-method status="PASS" signature="yahooLoginTest(java.lang.String, java.lang.String, java.lang.String)[pri:0, instance:com.TestNGFramework.trial.ParameterTest@4c70fda8]" name="yahooLoginTest" duration-ms="67747" started-at="2020-03-16T19:24:01Z" finished-at="2020-03-16T19:25:09Z">
          <params>
            <param index="0">
              <value>
                <![CDATA[https://login.yahoo.com/?.intl=us]]>
              </value>
            </param>
            <param index="1">
              <value>
                <![CDATA[Firefox]]>
              </value>
            </param>
            <param index="2">
              <value>
                <![CDATA[viprava@yahoo.com]]>
              </value>
            </param>
          </params>
          <reporter-output>
          </reporter-output>
        </test-method> <!-- yahooLoginTest -->
      </class> <!-- com.TestNGFramework.trial.ParameterTest -->
    </test> <!-- Yahoo App Test -->
  </suite> <!-- yahooo app test automation suite -->
</testng-results>
